<?xml version="1.0" encoding="UTF-8"?>
<testsuites>
  <testsuite name="" tests="52" assertions="57" errors="0" warnings="0" failures="0" skipped="0" time="0.048466">
    <testsuite name="Project Test Suite" tests="52" assertions="57" errors="0" warnings="0" failures="0" skipped="0" time="0.048466">
      <testsuite name="App\Entity\BagTest" file="/home/david/dbwebb-kurser/mvc_new/me/report/tests/Adventure/BagTest.php" tests="6" assertions="6" errors="0" warnings="0" failures="0" skipped="0" time="0.015462">
        <testcase name="testGetId" class="App\Entity\BagTest" classname="App.Entity.BagTest" file="/home/david/dbwebb-kurser/mvc_new/me/report/tests/Adventure/BagTest.php" line="15" assertions="1" time="0.009834"/>
        <testcase name="testGetSetItemsArray" class="App\Entity\BagTest" classname="App.Entity.BagTest" file="/home/david/dbwebb-kurser/mvc_new/me/report/tests/Adventure/BagTest.php" line="25" assertions="1" time="0.001740"/>
        <testcase name="testGetSetItemsObj" class="App\Entity\BagTest" classname="App.Entity.BagTest" file="/home/david/dbwebb-kurser/mvc_new/me/report/tests/Adventure/BagTest.php" line="37" assertions="1" time="0.001239"/>
        <testcase name="testSetSameItem" class="App\Entity\BagTest" classname="App.Entity.BagTest" file="/home/david/dbwebb-kurser/mvc_new/me/report/tests/Adventure/BagTest.php" line="50" assertions="1" time="0.001156"/>
        <testcase name="testRemoveItem" class="App\Entity\BagTest" classname="App.Entity.BagTest" file="/home/david/dbwebb-kurser/mvc_new/me/report/tests/Adventure/BagTest.php" line="65" assertions="1" time="0.000828"/>
        <testcase name="testRemoveItemFromEmptyBag" class="App\Entity\BagTest" classname="App.Entity.BagTest" file="/home/david/dbwebb-kurser/mvc_new/me/report/tests/Adventure/BagTest.php" line="84" assertions="1" time="0.000666"/>
      </testsuite>
      <testsuite name="App\Entity\CharacterTest" file="/home/david/dbwebb-kurser/mvc_new/me/report/tests/Adventure/CharacterTest.php" tests="6" assertions="6" errors="0" warnings="0" failures="0" skipped="0" time="0.003964">
        <testcase name="testGetId" class="App\Entity\CharacterTest" classname="App.Entity.CharacterTest" file="/home/david/dbwebb-kurser/mvc_new/me/report/tests/Adventure/CharacterTest.php" line="14" assertions="1" time="0.001676"/>
        <testcase name="testSetGetName" class="App\Entity\CharacterTest" classname="App.Entity.CharacterTest" file="/home/david/dbwebb-kurser/mvc_new/me/report/tests/Adventure/CharacterTest.php" line="24" assertions="1" time="0.000536"/>
        <testcase name="testSetGetHealth" class="App\Entity\CharacterTest" classname="App.Entity.CharacterTest" file="/home/david/dbwebb-kurser/mvc_new/me/report/tests/Adventure/CharacterTest.php" line="35" assertions="1" time="0.000456"/>
        <testcase name="testSetGetCurrentRoom" class="App\Entity\CharacterTest" classname="App.Entity.CharacterTest" file="/home/david/dbwebb-kurser/mvc_new/me/report/tests/Adventure/CharacterTest.php" line="46" assertions="1" time="0.000425"/>
        <testcase name="testSetGetPreviousRoom" class="App\Entity\CharacterTest" classname="App.Entity.CharacterTest" file="/home/david/dbwebb-kurser/mvc_new/me/report/tests/Adventure/CharacterTest.php" line="57" assertions="1" time="0.000460"/>
        <testcase name="testSetGetBag" class="App\Entity\CharacterTest" classname="App.Entity.CharacterTest" file="/home/david/dbwebb-kurser/mvc_new/me/report/tests/Adventure/CharacterTest.php" line="68" assertions="1" time="0.000409"/>
      </testsuite>
      <testsuite name="App\Entity\ItemTest" file="/home/david/dbwebb-kurser/mvc_new/me/report/tests/Adventure/ItemTest.php" tests="10" assertions="10" errors="0" warnings="0" failures="0" skipped="0" time="0.004908">
        <testcase name="testGetId" class="App\Entity\ItemTest" classname="App.Entity.ItemTest" file="/home/david/dbwebb-kurser/mvc_new/me/report/tests/Adventure/ItemTest.php" line="13" assertions="1" time="0.000704"/>
        <testcase name="testSetGetName" class="App\Entity\ItemTest" classname="App.Entity.ItemTest" file="/home/david/dbwebb-kurser/mvc_new/me/report/tests/Adventure/ItemTest.php" line="23" assertions="1" time="0.000422"/>
        <testcase name="testSetGetX" class="App\Entity\ItemTest" classname="App.Entity.ItemTest" file="/home/david/dbwebb-kurser/mvc_new/me/report/tests/Adventure/ItemTest.php" line="34" assertions="1" time="0.000410"/>
        <testcase name="testSetGetY" class="App\Entity\ItemTest" classname="App.Entity.ItemTest" file="/home/david/dbwebb-kurser/mvc_new/me/report/tests/Adventure/ItemTest.php" line="45" assertions="1" time="0.000518"/>
        <testcase name="testSetGetRotation" class="App\Entity\ItemTest" classname="App.Entity.ItemTest" file="/home/david/dbwebb-kurser/mvc_new/me/report/tests/Adventure/ItemTest.php" line="56" assertions="1" time="0.000419"/>
        <testcase name="testSetGetImageUrl" class="App\Entity\ItemTest" classname="App.Entity.ItemTest" file="/home/david/dbwebb-kurser/mvc_new/me/report/tests/Adventure/ItemTest.php" line="67" assertions="1" time="0.000600"/>
        <testcase name="testSetGetRoomId" class="App\Entity\ItemTest" classname="App.Entity.ItemTest" file="/home/david/dbwebb-kurser/mvc_new/me/report/tests/Adventure/ItemTest.php" line="78" assertions="1" time="0.000438"/>
        <testcase name="testSetGetInteraction" class="App\Entity\ItemTest" classname="App.Entity.ItemTest" file="/home/david/dbwebb-kurser/mvc_new/me/report/tests/Adventure/ItemTest.php" line="89" assertions="1" time="0.000412"/>
        <testcase name="testSetGetUsage" class="App\Entity\ItemTest" classname="App.Entity.ItemTest" file="/home/david/dbwebb-kurser/mvc_new/me/report/tests/Adventure/ItemTest.php" line="100" assertions="1" time="0.000541"/>
        <testcase name="testSetGetVisibility" class="App\Entity\ItemTest" classname="App.Entity.ItemTest" file="/home/david/dbwebb-kurser/mvc_new/me/report/tests/Adventure/ItemTest.php" line="111" assertions="1" time="0.000444"/>
      </testsuite>
      <testsuite name="App\Entity\RoomTest" file="/home/david/dbwebb-kurser/mvc_new/me/report/tests/Adventure/RoomTest.php" tests="5" assertions="8" errors="0" warnings="0" failures="0" skipped="0" time="0.002998">
        <testcase name="testGetId" class="App\Entity\RoomTest" classname="App.Entity.RoomTest" file="/home/david/dbwebb-kurser/mvc_new/me/report/tests/Adventure/RoomTest.php" line="15" assertions="1" time="0.001113"/>
        <testcase name="testGetSetBackground" class="App\Entity\RoomTest" classname="App.Entity.RoomTest" file="/home/david/dbwebb-kurser/mvc_new/me/report/tests/Adventure/RoomTest.php" line="25" assertions="1" time="0.000434"/>
        <testcase name="testGetSetStory" class="App\Entity\RoomTest" classname="App.Entity.RoomTest" file="/home/david/dbwebb-kurser/mvc_new/me/report/tests/Adventure/RoomTest.php" line="36" assertions="1" time="0.000558"/>
        <testcase name="testGetSetRoomId" class="App\Entity\RoomTest" classname="App.Entity.RoomTest" file="/home/david/dbwebb-kurser/mvc_new/me/report/tests/Adventure/RoomTest.php" line="47" assertions="4" time="0.000468"/>
        <testcase name="testGetSetCompleted" class="App\Entity\RoomTest" classname="App.Entity.RoomTest" file="/home/david/dbwebb-kurser/mvc_new/me/report/tests/Adventure/RoomTest.php" line="71" assertions="1" time="0.000424"/>
      </testsuite>
      <testsuite name="App\Dice\DiceTest" file="/home/david/dbwebb-kurser/mvc_new/me/report/tests/Dice/DiceTest.php" tests="1" assertions="2" errors="0" warnings="0" failures="0" skipped="0" time="0.002795">
        <testcase name="testCreateDice" class="App\Dice\DiceTest" classname="App.Dice.DiceTest" file="/home/david/dbwebb-kurser/mvc_new/me/report/tests/Dice/DiceTest.php" line="16" assertions="2" time="0.002795"/>
      </testsuite>
      <testsuite name="App\Card\CardTest" file="/home/david/dbwebb-kurser/mvc_new/me/report/tests/Game/CardTest.php" tests="3" assertions="3" errors="0" warnings="0" failures="0" skipped="0" time="0.002264">
        <testcase name="testGetValue" class="App\Card\CardTest" classname="App.Card.CardTest" file="/home/david/dbwebb-kurser/mvc_new/me/report/tests/Game/CardTest.php" line="17" assertions="1" time="0.000961"/>
        <testcase name="testGetSuit" class="App\Card\CardTest" classname="App.Card.CardTest" file="/home/david/dbwebb-kurser/mvc_new/me/report/tests/Game/CardTest.php" line="27" assertions="1" time="0.000518"/>
        <testcase name="testGetAsString" class="App\Card\CardTest" classname="App.Card.CardTest" file="/home/david/dbwebb-kurser/mvc_new/me/report/tests/Game/CardTest.php" line="37" assertions="1" time="0.000785"/>
      </testsuite>
      <testsuite name="App\Card\DeckTest" file="/home/david/dbwebb-kurser/mvc_new/me/report/tests/Game/DeckTest.php" tests="6" assertions="6" errors="0" warnings="0" failures="0" skipped="0" time="0.005976">
        <testcase name="testCreateDeck" class="App\Card\DeckTest" classname="App.Card.DeckTest" file="/home/david/dbwebb-kurser/mvc_new/me/report/tests/Game/DeckTest.php" line="19" assertions="1" time="0.001701"/>
        <testcase name="testGetCardsAsString" class="App\Card\DeckTest" classname="App.Card.DeckTest" file="/home/david/dbwebb-kurser/mvc_new/me/report/tests/Game/DeckTest.php" line="30" assertions="1" time="0.000883"/>
        <testcase name="testDrawOne" class="App\Card\DeckTest" classname="App.Card.DeckTest" file="/home/david/dbwebb-kurser/mvc_new/me/report/tests/Game/DeckTest.php" line="40" assertions="1" time="0.000866"/>
        <testcase name="testDrawMany" class="App\Card\DeckTest" classname="App.Card.DeckTest" file="/home/david/dbwebb-kurser/mvc_new/me/report/tests/Game/DeckTest.php" line="51" assertions="1" time="0.000864"/>
        <testcase name="testGetDrawnCards" class="App\Card\DeckTest" classname="App.Card.DeckTest" file="/home/david/dbwebb-kurser/mvc_new/me/report/tests/Game/DeckTest.php" line="63" assertions="1" time="0.000900"/>
        <testcase name="testShuffle" class="App\Card\DeckTest" classname="App.Card.DeckTest" file="/home/david/dbwebb-kurser/mvc_new/me/report/tests/Game/DeckTest.php" line="76" assertions="1" time="0.000762"/>
      </testsuite>
      <testsuite name="App\Card\GameTest" file="/home/david/dbwebb-kurser/mvc_new/me/report/tests/Game/GameTest.php" tests="12" assertions="12" errors="0" warnings="0" failures="0" skipped="0" time="0.007227">
        <testcase name="testCreateGame" class="App\Card\GameTest" classname="App.Card.GameTest" file="/home/david/dbwebb-kurser/mvc_new/me/report/tests/Game/GameTest.php" line="18" assertions="1" time="0.000969"/>
        <testcase name="testAddPlayer" class="App\Card\GameTest" classname="App.Card.GameTest" file="/home/david/dbwebb-kurser/mvc_new/me/report/tests/Game/GameTest.php" line="23" assertions="1" time="0.001228"/>
        <testcase name="testGetCurrentPlayer" class="App\Card\GameTest" classname="App.Card.GameTest" file="/home/david/dbwebb-kurser/mvc_new/me/report/tests/Game/GameTest.php" line="34" assertions="1" time="0.000510"/>
        <testcase name="testGetPlayerFromIndex" class="App\Card\GameTest" classname="App.Card.GameTest" file="/home/david/dbwebb-kurser/mvc_new/me/report/tests/Game/GameTest.php" line="48" assertions="1" time="0.000434"/>
        <testcase name="testStop" class="App\Card\GameTest" classname="App.Card.GameTest" file="/home/david/dbwebb-kurser/mvc_new/me/report/tests/Game/GameTest.php" line="62" assertions="1" time="0.000515"/>
        <testcase name="testFinished" class="App\Card\GameTest" classname="App.Card.GameTest" file="/home/david/dbwebb-kurser/mvc_new/me/report/tests/Game/GameTest.php" line="77" assertions="1" time="0.000426"/>
        <testcase name="testCalculateScore" class="App\Card\GameTest" classname="App.Card.GameTest" file="/home/david/dbwebb-kurser/mvc_new/me/report/tests/Game/GameTest.php" line="88" assertions="1" time="0.000467"/>
        <testcase name="testGetVictoryResultWin" class="App\Card\GameTest" classname="App.Card.GameTest" file="/home/david/dbwebb-kurser/mvc_new/me/report/tests/Game/GameTest.php" line="110" assertions="1" time="0.000485"/>
        <testcase name="testGetVictoryResultLoss" class="App\Card\GameTest" classname="App.Card.GameTest" file="/home/david/dbwebb-kurser/mvc_new/me/report/tests/Game/GameTest.php" line="134" assertions="1" time="0.000482"/>
        <testcase name="testGetVictoryResultPlayerExceedingTwentyOne" class="App\Card\GameTest" classname="App.Card.GameTest" file="/home/david/dbwebb-kurser/mvc_new/me/report/tests/Game/GameTest.php" line="158" assertions="1" time="0.000603"/>
        <testcase name="testGetVictoryResultBankExceedingTwentyOne" class="App\Card\GameTest" classname="App.Card.GameTest" file="/home/david/dbwebb-kurser/mvc_new/me/report/tests/Game/GameTest.php" line="177" assertions="1" time="0.000513"/>
        <testcase name="testGetVictoryResultTwentyOne" class="App\Card\GameTest" classname="App.Card.GameTest" file="/home/david/dbwebb-kurser/mvc_new/me/report/tests/Game/GameTest.php" line="196" assertions="1" time="0.000593"/>
      </testsuite>
      <testsuite name="App\Card\PlayerTest" file="/home/david/dbwebb-kurser/mvc_new/me/report/tests/Game/PlayerTest.php" tests="3" assertions="4" errors="0" warnings="0" failures="0" skipped="0" time="0.002872">
        <testcase name="testCreatePlayerDefaultName" class="App\Card\PlayerTest" classname="App.Card.PlayerTest" file="/home/david/dbwebb-kurser/mvc_new/me/report/tests/Game/PlayerTest.php" line="18" assertions="1" time="0.000568"/>
        <testcase name="testCreatePlayerCustomName" class="App\Card\PlayerTest" classname="App.Card.PlayerTest" file="/home/david/dbwebb-kurser/mvc_new/me/report/tests/Game/PlayerTest.php" line="28" assertions="2" time="0.001867"/>
        <testcase name="testAddCard" class="App\Card\PlayerTest" classname="App.Card.PlayerTest" file="/home/david/dbwebb-kurser/mvc_new/me/report/tests/Game/PlayerTest.php" line="39" assertions="1" time="0.000436"/>
      </testsuite>
    </testsuite>
  </testsuite>
</testsuites>
