<?xml version="1.0" encoding="UTF-8"?>
<testsuites>
  <testsuite name="" tests="25" assertions="27" errors="0" warnings="0" failures="0" skipped="0" time="0.031650">
    <testsuite name="Project Test Suite" tests="25" assertions="27" errors="0" warnings="0" failures="0" skipped="0" time="0.031650">
      <testsuite name="App\Dice\DiceTest" file="/home/david/dbwebb-kurser/mvc_new/me/report/tests/Dice/DiceTest.php" tests="1" assertions="2" errors="0" warnings="0" failures="0" skipped="0" time="0.012671">
        <testcase name="testCreateDice" class="App\Dice\DiceTest" classname="App.Dice.DiceTest" file="/home/david/dbwebb-kurser/mvc_new/me/report/tests/Dice/DiceTest.php" line="16" assertions="2" time="0.012671"/>
      </testsuite>
      <testsuite name="App\Card\CardTest" file="/home/david/dbwebb-kurser/mvc_new/me/report/tests/Game/CardTest.php" tests="3" assertions="3" errors="0" warnings="0" failures="0" skipped="0" time="0.003039">
        <testcase name="testGetValue" class="App\Card\CardTest" classname="App.Card.CardTest" file="/home/david/dbwebb-kurser/mvc_new/me/report/tests/Game/CardTest.php" line="17" assertions="1" time="0.001780"/>
        <testcase name="testGetSuit" class="App\Card\CardTest" classname="App.Card.CardTest" file="/home/david/dbwebb-kurser/mvc_new/me/report/tests/Game/CardTest.php" line="27" assertions="1" time="0.000830"/>
        <testcase name="testGetAsString" class="App\Card\CardTest" classname="App.Card.CardTest" file="/home/david/dbwebb-kurser/mvc_new/me/report/tests/Game/CardTest.php" line="37" assertions="1" time="0.000429"/>
      </testsuite>
      <testsuite name="App\Card\DeckTest" file="/home/david/dbwebb-kurser/mvc_new/me/report/tests/Game/DeckTest.php" tests="6" assertions="6" errors="0" warnings="0" failures="0" skipped="0" time="0.005505">
        <testcase name="testCreateDeck" class="App\Card\DeckTest" classname="App.Card.DeckTest" file="/home/david/dbwebb-kurser/mvc_new/me/report/tests/Game/DeckTest.php" line="19" assertions="1" time="0.001571"/>
        <testcase name="testGetCardsAsString" class="App\Card\DeckTest" classname="App.Card.DeckTest" file="/home/david/dbwebb-kurser/mvc_new/me/report/tests/Game/DeckTest.php" line="30" assertions="1" time="0.000841"/>
        <testcase name="testDrawOne" class="App\Card\DeckTest" classname="App.Card.DeckTest" file="/home/david/dbwebb-kurser/mvc_new/me/report/tests/Game/DeckTest.php" line="40" assertions="1" time="0.000783"/>
        <testcase name="testDrawMany" class="App\Card\DeckTest" classname="App.Card.DeckTest" file="/home/david/dbwebb-kurser/mvc_new/me/report/tests/Game/DeckTest.php" line="51" assertions="1" time="0.000814"/>
        <testcase name="testGetDrawnCards" class="App\Card\DeckTest" classname="App.Card.DeckTest" file="/home/david/dbwebb-kurser/mvc_new/me/report/tests/Game/DeckTest.php" line="63" assertions="1" time="0.000772"/>
        <testcase name="testShuffle" class="App\Card\DeckTest" classname="App.Card.DeckTest" file="/home/david/dbwebb-kurser/mvc_new/me/report/tests/Game/DeckTest.php" line="76" assertions="1" time="0.000724"/>
      </testsuite>
      <testsuite name="App\Card\GameTest" file="/home/david/dbwebb-kurser/mvc_new/me/report/tests/Game/GameTest.php" tests="12" assertions="12" errors="0" warnings="0" failures="0" skipped="0" time="0.007695">
        <testcase name="testCreateGame" class="App\Card\GameTest" classname="App.Card.GameTest" file="/home/david/dbwebb-kurser/mvc_new/me/report/tests/Game/GameTest.php" line="18" assertions="1" time="0.001208"/>
        <testcase name="testAddPlayer" class="App\Card\GameTest" classname="App.Card.GameTest" file="/home/david/dbwebb-kurser/mvc_new/me/report/tests/Game/GameTest.php" line="23" assertions="1" time="0.001169"/>
        <testcase name="testGetCurrentPlayer" class="App\Card\GameTest" classname="App.Card.GameTest" file="/home/david/dbwebb-kurser/mvc_new/me/report/tests/Game/GameTest.php" line="34" assertions="1" time="0.000493"/>
        <testcase name="testGetPlayerFromIndex" class="App\Card\GameTest" classname="App.Card.GameTest" file="/home/david/dbwebb-kurser/mvc_new/me/report/tests/Game/GameTest.php" line="48" assertions="1" time="0.000471"/>
        <testcase name="testStop" class="App\Card\GameTest" classname="App.Card.GameTest" file="/home/david/dbwebb-kurser/mvc_new/me/report/tests/Game/GameTest.php" line="62" assertions="1" time="0.000536"/>
        <testcase name="testFinished" class="App\Card\GameTest" classname="App.Card.GameTest" file="/home/david/dbwebb-kurser/mvc_new/me/report/tests/Game/GameTest.php" line="77" assertions="1" time="0.000461"/>
        <testcase name="testCalculateScore" class="App\Card\GameTest" classname="App.Card.GameTest" file="/home/david/dbwebb-kurser/mvc_new/me/report/tests/Game/GameTest.php" line="88" assertions="1" time="0.000501"/>
        <testcase name="testGetVictoryResultWin" class="App\Card\GameTest" classname="App.Card.GameTest" file="/home/david/dbwebb-kurser/mvc_new/me/report/tests/Game/GameTest.php" line="110" assertions="1" time="0.000484"/>
        <testcase name="testGetVictoryResultLoss" class="App\Card\GameTest" classname="App.Card.GameTest" file="/home/david/dbwebb-kurser/mvc_new/me/report/tests/Game/GameTest.php" line="134" assertions="1" time="0.000506"/>
        <testcase name="testGetVictoryResultPlayerExceedingTwentyOne" class="App\Card\GameTest" classname="App.Card.GameTest" file="/home/david/dbwebb-kurser/mvc_new/me/report/tests/Game/GameTest.php" line="158" assertions="1" time="0.000931"/>
        <testcase name="testGetVictoryResultBankExceedingTwentyOne" class="App\Card\GameTest" classname="App.Card.GameTest" file="/home/david/dbwebb-kurser/mvc_new/me/report/tests/Game/GameTest.php" line="177" assertions="1" time="0.000469"/>
        <testcase name="testGetVictoryResultTwentyOne" class="App\Card\GameTest" classname="App.Card.GameTest" file="/home/david/dbwebb-kurser/mvc_new/me/report/tests/Game/GameTest.php" line="196" assertions="1" time="0.000465"/>
      </testsuite>
      <testsuite name="App\Card\PlayerTest" file="/home/david/dbwebb-kurser/mvc_new/me/report/tests/Game/PlayerTest.php" tests="3" assertions="4" errors="0" warnings="0" failures="0" skipped="0" time="0.002739">
        <testcase name="testCreatePlayerDefaultName" class="App\Card\PlayerTest" classname="App.Card.PlayerTest" file="/home/david/dbwebb-kurser/mvc_new/me/report/tests/Game/PlayerTest.php" line="18" assertions="1" time="0.000448"/>
        <testcase name="testCreatePlayerCustomName" class="App\Card\PlayerTest" classname="App.Card.PlayerTest" file="/home/david/dbwebb-kurser/mvc_new/me/report/tests/Game/PlayerTest.php" line="28" assertions="2" time="0.001808"/>
        <testcase name="testAddCard" class="App\Card\PlayerTest" classname="App.Card.PlayerTest" file="/home/david/dbwebb-kurser/mvc_new/me/report/tests/Game/PlayerTest.php" line="39" assertions="1" time="0.000483"/>
      </testsuite>
    </testsuite>
  </testsuite>
</testsuites>
